<?xml version="1.0" encoding="UTF-8"?>
<!-- Generated by org.testng.reporters.JUnitReportReporter -->
<testsuite skipped="0" hostname="DESKTOP-LDUR2H9" name="com.crm.TestCases.ParameterFromEclipseTest" tests="1" failures="0" timestamp="2022-03-23T14:50:29 IST" time="0.018" errors="0">
  <testcase name="getData" time="0.018" classname="com.crm.TestCases.ParameterFromEclipseTest"/>
  <system-out/>
</testsuite> <!-- com.crm.TestCases.ParameterFromEclipseTest -->
