<?xml version="1.0" encoding="UTF-8"?>
<!-- Generated by org.testng.reporters.JUnitReportReporter -->
<testsuite skipped="0" hostname="DESKTOP-LDUR2H9" name="com.crm.TestCases.CreateLeadsTest" tests="2" failures="0" timestamp="2022-03-24T11:04:15 IST" time="0.021" errors="0">
  <testcase name="leadsDeleted" time="0.016" classname="com.crm.TestCases.CreateLeadsTest"/>
  <system-out/>
  <testcase name="leadsWithMandatoryFields" time="0.005" classname="com.crm.TestCases.CreateLeadsTest"/>
  <system-out/>
</testsuite> <!-- com.crm.TestCases.CreateLeadsTest -->
