<?xml version="1.0" encoding="UTF-8"?>
<!-- Generated by org.testng.reporters.JUnitReportReporter -->
<testsuite skipped="0" hostname="DESKTOP-LDUR2H9" name="com.crm.TestCases.CreateContactTest" tests="2" failures="0" timestamp="2022-03-24T11:04:15 IST" time="0.006" errors="0">
  <testcase name="contactWithMandatoryField" time="0.002" classname="com.crm.TestCases.CreateContactTest"/>
  <system-out/>
  <testcase name="contactWithOrg" time="0.004" classname="com.crm.TestCases.CreateContactTest"/>
  <system-out/>
</testsuite> <!-- com.crm.TestCases.CreateContactTest -->
