<?xml version="1.0" encoding="UTF-8"?>
<!-- Generated by org.testng.reporters.JUnitReportReporter -->
<testsuite skipped="0" hostname="DESKTOP-LDUR2H9" name="com.crm.TestCases.CreateOrganizationTest" tests="1" failures="0" timestamp="2022-03-23T02:05:06 IST" time="0.002" errors="0">
  <testcase name="organizationWithMandatoryField" time="0.002" classname="com.crm.TestCases.CreateOrganizationTest"/>
  <system-out/>
</testsuite> <!-- com.crm.TestCases.CreateOrganizationTest -->
