<?xml version="1.0" encoding="UTF-8"?>
<!-- Generated by org.testng.reporters.JUnitReportReporter -->
<testsuite skipped="0" hostname="DESKTOP-LDUR2H9" name="com.crm.TestCases.CreateCampaignTest" tests="1" failures="0" timestamp="2022-03-24T11:04:15 IST" time="0.004" errors="0">
  <testcase name="createCamp" time="0.004" classname="com.crm.TestCases.CreateCampaignTest"/>
  <system-out/>
</testsuite> <!-- com.crm.TestCases.CreateCampaignTest -->
