<?xml version="1.0" encoding="UTF-8"?>
<!-- Generated by org.testng.reporters.JUnitReportReporter -->
<testsuite skipped="0" hostname="DESKTOP-LDUR2H9" name="com.crm.TestCases.ParameterFromCmdTest" tests="1" failures="0" timestamp="2022-03-24T10:15:59 IST" time="15.761" errors="0">
  <testcase name="getData" time="15.761" classname="com.crm.TestCases.ParameterFromCmdTest"/>
  <system-out/>
</testsuite> <!-- com.crm.TestCases.ParameterFromCmdTest -->
